<?xml version="1.0" encoding="UTF-8"?>
<!-- Generated by org.testng.reporters.JUnitReportReporter -->
<testsuite hostname="LTIN256092" failures="0" tests="1" name="testCases.TC_004_SearchProductTest" time="2.128" errors="0" timestamp="2024-04-23T13:35:05 IST" skipped="0">
  <testcase classname="testCases.TC_004_SearchProductTest" name="verify_pruductSearch" time="2.128"/>
</testsuite> <!-- testCases.TC_004_SearchProductTest -->
