<?xml version="1.0" encoding="UTF-8"?>
<!-- Generated by org.testng.reporters.JUnitReportReporter -->
<testsuite hostname="LTIN256092" failures="0" tests="1" name="testCases.TC_004_SearchProductTest" time="1.937" errors="0" timestamp="2024-04-18T12:16:52 IST" skipped="0">
  <testcase classname="testCases.TC_004_SearchProductTest" name="verify_pruductSearch" time="1.937"/>
</testsuite> <!-- testCases.TC_004_SearchProductTest -->
