<?xml version="1.0" encoding="UTF-8"?>
<!-- Generated by org.testng.reporters.JUnitReportReporter -->
<testsuite hostname="LTIN256092" failures="0" tests="1" name="testCases.TC_005_AddToCartPageTest" time="3.509" errors="0" timestamp="2024-04-18T12:16:52 IST" skipped="0">
  <testcase classname="testCases.TC_005_AddToCartPageTest" name="verify_addToCart" time="3.509"/>
</testsuite> <!-- testCases.TC_005_AddToCartPageTest -->
