<?xml version="1.0" encoding="UTF-8"?>
<!-- Generated by org.testng.reporters.JUnitReportReporter -->
<testsuite hostname="LTIN256092" failures="0" tests="1" name="testCases.TC_001_AccountRegistrationTest" time="4.888" errors="0" timestamp="2024-04-23T13:32:47 IST" skipped="0">
  <testcase classname="testCases.TC_001_AccountRegistrationTest" name="verify_account_registration" time="4.888"/>
</testsuite> <!-- testCases.TC_001_AccountRegistrationTest -->
