<?xml version="1.0" encoding="UTF-8"?>
<!-- Generated by org.testng.reporters.JUnitReportReporter -->
<testsuite hostname="LTIN256092" failures="0" tests="5" name="testCases.TC_003_LoginDDT" time="48.482" errors="0" timestamp="2024-04-16T16:58:54 IST" skipped="0">
  <testcase classname="testCases.TC_003_LoginDDT" name="verify_loginDDT" time="5.178"/>
  <testcase classname="testCases.TC_003_LoginDDT" name="verify_loginDDT" time="12.881"/>
  <testcase classname="testCases.TC_003_LoginDDT" name="verify_loginDDT" time="4.410"/>
  <testcase classname="testCases.TC_003_LoginDDT" name="verify_loginDDT" time="12.871"/>
  <testcase classname="testCases.TC_003_LoginDDT" name="verify_loginDDT" time="13.142"/>
</testsuite> <!-- testCases.TC_003_LoginDDT -->
